<?xml version="1.0" encoding="UTF-8"?>
<!-- Generated by org.testng.reporters.JUnitReportReporter -->
<testsuite skipped="0" hostname="LAPTOP-SNG10N7O" name="newTestMaven.MavenTest" tests="1" failures="0" timestamp="08 Apr 2018 13:04:56 GMT" time="0.015" errors="0">
  <testcase name="f" time="0.015" classname="newTestMaven.MavenTest"/>
</testsuite> <!-- newTestMaven.MavenTest -->
