<?xml version="1.0" encoding="UTF-8"?>
<!-- Generated by org.testng.reporters.JUnitReportReporter -->
<testsuite skipped="0" hostname="LAPTOP-SNG10N7O" name="newTestMaven.MavenTest" tests="1" failures="0" timestamp="07 Apr 2018 15:04:59 GMT" time="0.017" errors="0">
  <testcase name="f" time="0.017" classname="newTestMaven.MavenTest"/>
</testsuite> <!-- newTestMaven.MavenTest -->
